<?xml version="1.0" encoding="UTF-8"?>
<!-- Generated by org.testng.reporters.JUnitXMLReporter -->
<testsuite ignored="3" hostname="DESKTOP-TF7AAOL" failures="0" tests="1" name="Default test" time="15.516" errors="0" timestamp="2025-09-22T21:46:50 IST">
  <testcase classname="test.Register" name="verifyRegisterAccountByGivingMandatoryFields" time="4.911"/>
  <testcase classname="test.Register" name="verifyRegisterAccountByGivingAllFields" time="0.0">
    <ignored/>
  </testcase> <!-- verifyRegisterAccountByGivingAllFields -->
  <testcase classname="test.Register" name="verifyRegisterAccountBySubscribingNewsLetter" time="0.0">
    <ignored/>
  </testcase> <!-- verifyRegisterAccountBySubscribingNewsLetter -->
  <testcase classname="test.Register" name="verifyRegisterAccountByNotSubscribingNewsletter" time="0.0">
    <ignored/>
  </testcase> <!-- verifyRegisterAccountByNotSubscribingNewsletter -->
</testsuite> <!-- Default test -->
