<?xml version="1.0" encoding="UTF-8"?>
<!-- Generated by org.testng.reporters.JUnitXMLReporter -->
<testsuite ignored="5" hostname="DESKTOP-TF7AAOL" failures="0" tests="0" time="0.727" errors="0" timestamp="2025-10-16T14:55:51 IST">
  <testcase classname="test.Login" name="verifyLoginwithInvalidEmailAndValidPassword" time="0.0">
    <ignored/>
  </testcase> <!-- verifyLoginwithInvalidEmailAndValidPassword -->
  <testcase classname="test.Login" name="verifyLoginWithValidCredentials" time="0.0">
    <ignored/>
  </testcase> <!-- verifyLoginWithValidCredentials -->
  <testcase classname="test.Login" name="verifyLoginWithoutEnteringCredentials" time="0.0">
    <ignored/>
  </testcase> <!-- verifyLoginWithoutEnteringCredentials -->
  <testcase classname="test.Login" name="verifyLoginwithValidEmailAndInvalidPassword" time="0.0">
    <ignored/>
  </testcase> <!-- verifyLoginwithValidEmailAndInvalidPassword -->
  <testcase classname="test.Login" name="verifyLoginwithInvalidCredentials" time="0.0">
    <ignored/>
  </testcase> <!-- verifyLoginwithInvalidCredentials -->
</testsuite>
