<?xml version="1.0" encoding="UTF-8"?>
<!-- Generated by org.testng.reporters.JUnitXMLReporter -->
<testsuite ignored="0" hostname="DESKTOP-TF7AAOL" failures="1" tests="11" name="Test" time="204.453" errors="0" timestamp="2025-09-24T16:01:33 IST">
  <testcase classname="test.Logout" name="verifyLogoutOptionFromMyAccountMenu" time="4.594"/>
  <testcase classname="test.Logout" name="verifyLogoutOptionFromRightColumn" time="4.76"/>
  <testcase classname="test.Register" name="verifyRegisterAccountByGivingAllFields" time="5.148"/>
  <testcase classname="test.Register" name="verifyRegisterAccountByGivingMandatoryFields" time="4.614"/>
  <testcase classname="test.Register" name="verifyRegisterAccountBySubscribingNewsLetter" time="5.955"/>
  <testcase classname="test.Register" name="verifyRegisterAccountByNotSubscribingNewsletter" time="18.189"/>
  <testcase classname="test.Login" name="verifyLoginWithValidCredentials" time="5.654">
    <failure type="java.lang.AssertionError" message="expected [My Account1] but found [My Account]">
      <![CDATA[java.lang.AssertionError: expected [My Account1] but found [My Account]
at test.Login.verifyLoginWithValidCredentials(Login.java:32)
at java.base/java.util.ArrayList.forEach(ArrayList.java:1596)
... Removed 31 stack frames]]>
    </failure>
  </testcase> <!-- verifyLoginWithValidCredentials -->
  <testcase classname="test.Login" name="verifyLoginwithInvalidCredentials" time="4.539"/>
  <testcase classname="test.Login" name="verifyLoginwithInvalidEmailAndValidPassword" time="2.615"/>
  <testcase classname="test.Login" name="verifyLoginwithValidEmailAndInvalidPassword" time="10.338"/>
  <testcase classname="test.Login" name="verifyLoginWithoutEnteringCredentials" time="1.378"/>
</testsuite> <!-- Test -->
