<?xml version="1.0" encoding="UTF-8"?>
<!-- Generated by org.testng.reporters.JUnitXMLReporter -->
<testsuite ignored="0" hostname="DESKTOP-TF7AAOL" failures="0" tests="5" name="Test" time="73.811" errors="0" timestamp="2025-10-15T11:50:30 IST">
  <testcase classname="test.Login" name="verifyLoginWithValidCredentials" time="4.771"/>
  <testcase classname="test.Login" name="verifyLoginwithInvalidCredentials" time="2.276"/>
  <testcase classname="test.Login" name="verifyLoginwithInvalidEmailAndValidPassword" time="2.05"/>
  <testcase classname="test.Login" name="verifyLoginwithValidEmailAndInvalidPassword" time="2.564"/>
  <testcase classname="test.Login" name="verifyLoginWithoutEnteringCredentials" time="1.367"/>
</testsuite> <!-- Test -->
