<?xml version="1.0" encoding="UTF-8"?>
<!-- Generated by org.testng.reporters.JUnitXMLReporter -->
<testsuite ignored="0" hostname="DESKTOP-TF7AAOL" failures="0" tests="5" name="Test" time="47.606" errors="0" timestamp="2025-10-16T12:28:57 IST">
  <testcase classname="test.Login" name="verifyLoginWithValidCredentials" time="2.095"/>
  <testcase classname="test.Login" name="verifyLoginwithInvalidCredentials" time="2.62"/>
  <testcase classname="test.Login" name="verifyLoginwithInvalidEmailAndValidPassword" time="2.338"/>
  <testcase classname="test.Login" name="verifyLoginwithValidEmailAndInvalidPassword" time="2.188"/>
  <testcase classname="test.Login" name="verifyLoginWithoutEnteringCredentials" time="1.403"/>
</testsuite> <!-- Test -->
