<?xml version="1.0" encoding="UTF-8"?>
<testng-results ignored="0" total="5" passed="5" failed="0" skipped="0">
  <reporter-output>
  </reporter-output>
  <suite started-at="2025-10-16T12:28:08 IST" name="Suite" finished-at="2025-10-16T12:28:56 IST" duration-ms="47606">
    <groups>
      <group name="login3">
        <method signature="Login.verifyLoginWithoutEnteringCredentials()[pri:5, instance:test.Login@62150f9e]" name="verifyLoginWithoutEnteringCredentials" class="test.Login"/>
      </group> <!-- login3 -->
      <group name="login2">
        <method signature="Login.verifyLoginwithInvalidCredentials()[pri:2, instance:test.Login@62150f9e]" name="verifyLoginwithInvalidCredentials" class="test.Login"/>
        <method signature="Login.verifyLoginwithValidEmailAndInvalidPassword()[pri:4, instance:test.Login@62150f9e]" name="verifyLoginwithValidEmailAndInvalidPassword" class="test.Login"/>
      </group> <!-- login2 -->
      <group name="login1">
        <method signature="Login.verifyLoginWithValidCredentials()[pri:1, instance:test.Login@62150f9e]" name="verifyLoginWithValidCredentials" class="test.Login"/>
        <method signature="Login.verifyLoginwithInvalidEmailAndValidPassword()[pri:3, instance:test.Login@62150f9e]" name="verifyLoginwithInvalidEmailAndValidPassword" class="test.Login"/>
      </group> <!-- login1 -->
    </groups>
    <test started-at="2025-10-16T12:28:08 IST" name="Test" finished-at="2025-10-16T12:28:56 IST" duration-ms="47606">
      <class name="test.Login">
        <test-method is-config="true" signature="setup()[pri:0, instance:test.Login@62150f9e]" started-at="2025-10-16T12:28:09 IST" name="setup" finished-at="2025-10-16T12:28:17 IST" duration-ms="8676" status="PASS">
          <reporter-output>
          </reporter-output>
        </test-method> <!-- setup -->
        <test-method signature="verifyLoginWithValidCredentials()[pri:1, instance:test.Login@62150f9e]" started-at="2025-10-16T12:28:17 IST" name="verifyLoginWithValidCredentials" finished-at="2025-10-16T12:28:19 IST" duration-ms="2095" status="PASS">
          <reporter-output>
          </reporter-output>
        </test-method> <!-- verifyLoginWithValidCredentials -->
        <test-method is-config="true" signature="tearDown()[pri:0, instance:test.Login@62150f9e]" started-at="2025-10-16T12:28:19 IST" name="tearDown" finished-at="2025-10-16T12:28:20 IST" duration-ms="601" status="PASS">
          <reporter-output>
          </reporter-output>
        </test-method> <!-- tearDown -->
        <test-method is-config="true" signature="setup()[pri:0, instance:test.Login@62150f9e]" started-at="2025-10-16T12:28:20 IST" name="setup" finished-at="2025-10-16T12:28:26 IST" duration-ms="5876" status="PASS">
          <reporter-output>
          </reporter-output>
        </test-method> <!-- setup -->
        <test-method signature="verifyLoginwithInvalidCredentials()[pri:2, instance:test.Login@62150f9e]" started-at="2025-10-16T12:28:26 IST" name="verifyLoginwithInvalidCredentials" finished-at="2025-10-16T12:28:29 IST" duration-ms="2620" status="PASS">
          <reporter-output>
          </reporter-output>
        </test-method> <!-- verifyLoginwithInvalidCredentials -->
        <test-method is-config="true" signature="tearDown()[pri:0, instance:test.Login@62150f9e]" started-at="2025-10-16T12:28:29 IST" name="tearDown" finished-at="2025-10-16T12:28:29 IST" duration-ms="463" status="PASS">
          <reporter-output>
          </reporter-output>
        </test-method> <!-- tearDown -->
        <test-method is-config="true" signature="setup()[pri:0, instance:test.Login@62150f9e]" started-at="2025-10-16T12:28:29 IST" name="setup" finished-at="2025-10-16T12:28:36 IST" duration-ms="7170" status="PASS">
          <reporter-output>
          </reporter-output>
        </test-method> <!-- setup -->
        <test-method signature="verifyLoginwithInvalidEmailAndValidPassword()[pri:3, instance:test.Login@62150f9e]" started-at="2025-10-16T12:28:36 IST" name="verifyLoginwithInvalidEmailAndValidPassword" finished-at="2025-10-16T12:28:39 IST" duration-ms="2338" status="PASS">
          <reporter-output>
          </reporter-output>
        </test-method> <!-- verifyLoginwithInvalidEmailAndValidPassword -->
        <test-method is-config="true" signature="tearDown()[pri:0, instance:test.Login@62150f9e]" started-at="2025-10-16T12:28:39 IST" name="tearDown" finished-at="2025-10-16T12:28:39 IST" duration-ms="509" status="PASS">
          <reporter-output>
          </reporter-output>
        </test-method> <!-- tearDown -->
        <test-method is-config="true" signature="setup()[pri:0, instance:test.Login@62150f9e]" started-at="2025-10-16T12:28:39 IST" name="setup" finished-at="2025-10-16T12:28:45 IST" duration-ms="6278" status="PASS">
          <reporter-output>
          </reporter-output>
        </test-method> <!-- setup -->
        <test-method signature="verifyLoginwithValidEmailAndInvalidPassword()[pri:4, instance:test.Login@62150f9e]" started-at="2025-10-16T12:28:45 IST" name="verifyLoginwithValidEmailAndInvalidPassword" finished-at="2025-10-16T12:28:47 IST" duration-ms="2188" status="PASS">
          <reporter-output>
          </reporter-output>
        </test-method> <!-- verifyLoginwithValidEmailAndInvalidPassword -->
        <test-method is-config="true" signature="tearDown()[pri:0, instance:test.Login@62150f9e]" started-at="2025-10-16T12:28:47 IST" name="tearDown" finished-at="2025-10-16T12:28:48 IST" duration-ms="466" status="PASS">
          <reporter-output>
          </reporter-output>
        </test-method> <!-- tearDown -->
        <test-method is-config="true" signature="setup()[pri:0, instance:test.Login@62150f9e]" started-at="2025-10-16T12:28:48 IST" name="setup" finished-at="2025-10-16T12:28:54 IST" duration-ms="5682" status="PASS">
          <reporter-output>
          </reporter-output>
        </test-method> <!-- setup -->
        <test-method signature="verifyLoginWithoutEnteringCredentials()[pri:5, instance:test.Login@62150f9e]" started-at="2025-10-16T12:28:54 IST" name="verifyLoginWithoutEnteringCredentials" finished-at="2025-10-16T12:28:55 IST" duration-ms="1403" status="PASS">
          <reporter-output>
          </reporter-output>
        </test-method> <!-- verifyLoginWithoutEnteringCredentials -->
        <test-method is-config="true" signature="tearDown()[pri:0, instance:test.Login@62150f9e]" started-at="2025-10-16T12:28:55 IST" name="tearDown" finished-at="2025-10-16T12:28:56 IST" duration-ms="553" status="PASS">
          <reporter-output>
          </reporter-output>
        </test-method> <!-- tearDown -->
      </class> <!-- test.Login -->
    </test> <!-- Test -->
  </suite> <!-- Suite -->
</testng-results>
